<?xml version="1.0" encoding="UTF-8"?>
<!-- Generated by org.testng.reporters.JUnitXMLReporter -->
<testsuite ignored="7" hostname="Shivendra" failures="0" tests="1" name="Default test" time="10.47" errors="0" timestamp="2025-05-12T13:20:20 IST">
  <testcase classname="org.kgisl.tests.TS033" name="TC008" time="2.56"/>
  <testcase classname="org.kgisl.tests.TS033" name="TC015" time="0.0">
    <ignored/>
  </testcase> <!-- TC015 -->
  <testcase classname="org.kgisl.tests.TS033" name="TC012" time="0.0">
    <ignored/>
  </testcase> <!-- TC012 -->
  <testcase classname="org.kgisl.tests.TS033" name="TC013" time="0.0">
    <ignored/>
  </testcase> <!-- TC013 -->
  <testcase classname="org.kgisl.tests.TS033" name="TC016" time="0.0">
    <ignored/>
  </testcase> <!-- TC016 -->
  <testcase classname="org.kgisl.tests.TS033" name="TC011" time="0.0">
    <ignored/>
  </testcase> <!-- TC011 -->
  <testcase classname="org.kgisl.tests.TS033" name="TC014" time="0.0">
    <ignored/>
  </testcase> <!-- TC014 -->
  <testcase classname="org.kgisl.tests.TS033" name="TC017" time="0.0">
    <ignored/>
  </testcase> <!-- TC017 -->
</testsuite> <!-- Default test -->
