<?xml version="1.0" encoding="UTF-8"?>
<testng-results ignored="7" total="8" passed="1" failed="0" skipped="0">
  <reporter-output>
  </reporter-output>
  <suite started-at="2025-05-12T13:20:09 IST" name="Default suite" finished-at="2025-05-12T13:20:20 IST" duration-ms="10470">
    <groups>
    </groups>
    <test started-at="2025-05-12T13:20:09 IST" name="Default test" finished-at="2025-05-12T13:20:20 IST" duration-ms="10470">
      <class name="org.kgisl.tests.TS033">
        <test-method is-config="true" signature="openBrowser(java.lang.String)[pri:0, instance:org.kgisl.tests.TS033@247bddad]" started-at="2025-05-12T13:20:10 IST" name="openBrowser" finished-at="2025-05-12T13:20:17 IST" duration-ms="7833" status="PASS">
          <params>
            <param index="0">
              <value>
                <![CDATA[Chrome]]>
              </value>
            </param>
          </params>
          <reporter-output>
          </reporter-output>
        </test-method> <!-- openBrowser -->
        <test-method signature="TC008()[pri:0, instance:org.kgisl.tests.TS033@247bddad]" started-at="2025-05-12T13:20:17 IST" name="TC008" finished-at="2025-05-12T13:20:20 IST" duration-ms="2560" status="PASS">
          <reporter-output>
          </reporter-output>
        </test-method> <!-- TC008 -->
        <test-method is-config="true" signature="closeBrowser()[pri:0, instance:org.kgisl.tests.TS033@247bddad]" started-at="2025-05-12T13:20:20 IST" name="closeBrowser" finished-at="2025-05-12T13:20:20 IST" duration-ms="1" status="PASS">
          <reporter-output>
          </reporter-output>
        </test-method> <!-- closeBrowser -->
      </class> <!-- org.kgisl.tests.TS033 -->
    </test> <!-- Default test -->
  </suite> <!-- Default suite -->
</testng-results>
